{"total": {"lines":{"total":105,"covered":103,"skipped":0,"pct":98.09},"statements":{"total":120,"covered":113,"skipped":0,"pct":94.16},"functions":{"total":11,"covered":11,"skipped":0,"pct":100},"branches":{"total":27,"covered":20,"skipped":0,"pct":74.07},"branchesTrue":{"total":0,"covered":0,"skipped":0,"pct":"Unknown"}}
,"/Users/carlosdevpereira/Documents/monorepo-preview-deployments/src/cloudflare.ts": {"lines":{"total":28,"covered":28,"skipped":0,"pct":100},"functions":{"total":4,"covered":4,"skipped":0,"pct":100},"statements":{"total":34,"covered":32,"skipped":0,"pct":94.11},"branches":{"total":7,"covered":5,"skipped":0,"pct":71.42}}
,"/Users/carlosdevpereira/Documents/monorepo-preview-deployments/src/comment.ts": {"lines":{"total":11,"covered":11,"skipped":0,"pct":100},"functions":{"total":4,"covered":4,"skipped":0,"pct":100},"statements":{"total":11,"covered":11,"skipped":0,"pct":100},"branches":{"total":1,"covered":1,"skipped":0,"pct":100}}
,"/Users/carlosdevpereira/Documents/monorepo-preview-deployments/src/config.ts": {"lines":{"total":27,"covered":27,"skipped":0,"pct":100},"functions":{"total":1,"covered":1,"skipped":0,"pct":100},"statements":{"total":33,"covered":32,"skipped":0,"pct":96.96},"branches":{"total":11,"covered":10,"skipped":0,"pct":90.9}}
,"/Users/carlosdevpereira/Documents/monorepo-preview-deployments/src/index.ts": {"lines":{"total":39,"covered":37,"skipped":0,"pct":94.87},"functions":{"total":2,"covered":2,"skipped":0,"pct":100},"statements":{"total":42,"covered":38,"skipped":0,"pct":90.47},"branches":{"total":8,"covered":4,"skipped":0,"pct":50}}
}
