TN:
SF:src/cloudflare.ts
FN:9,(anonymous_0)
FN:23,(anonymous_1)
FN:35,(anonymous_2)
FN:55,(anonymous_3)
FNF:4
FNH:4
FNDA:12,(anonymous_0)
FNDA:9,(anonymous_1)
FNDA:9,(anonymous_2)
FNDA:1,(anonymous_3)
DA:3,2
DA:5,2
DA:10,12
DA:11,11
DA:13,10
DA:14,10
DA:24,9
DA:26,8
DA:27,8
DA:28,8
DA:35,8
DA:36,9
DA:37,9
DA:38,8
DA:39,8
DA:40,8
DA:41,8
DA:43,8
DA:46,8
DA:47,8
DA:49,8
DA:50,9
DA:51,9
DA:53,1
DA:54,1
DA:55,1
DA:57,9
DA:60,8
LF:28
LH:28
BRDA:10,0,0,1
BRDA:11,1,0,1
BRDA:24,2,0,1
BRDA:38,3,0,0
BRDA:54,4,0,0
BRDA:58,5,0,9
BRDA:58,5,1,9
BRF:7
BRH:5
end_of_record
TN:
SF:src/comment.ts
FN:18,(anonymous_0)
FN:23,(anonymous_1)
FN:28,(anonymous_2)
FN:34,(anonymous_3)
FNF:4
FNH:4
FNDA:7,(anonymous_0)
FNDA:7,(anonymous_1)
FNDA:8,(anonymous_2)
FNDA:4,(anonymous_3)
DA:2,2
DA:12,2
DA:15,2
DA:19,7
DA:20,7
DA:24,7
DA:29,8
DA:31,8
DA:35,4
DA:36,4
DA:38,4
LF:11
LH:11
BRDA:18,0,0,6
BRF:1
BRH:1
end_of_record
TN:
SF:src/config.ts
FN:6,getConfig
FNF:1
FNH:1
FNDA:12,getConfig
DA:3,2
DA:4,2
DA:6,2
DA:8,12
DA:9,12
DA:10,11
DA:11,11
DA:12,10
DA:13,10
DA:14,9
DA:15,9
DA:19,8
DA:20,8
DA:22,7
DA:23,1
DA:26,2
DA:30,6
DA:31,10
DA:32,10
DA:33,2
DA:34,1
DA:37,1
DA:38,1
DA:45,4
DA:46,4
DA:48,4
DA:61,2
LF:27
LH:27
BRDA:9,0,0,1
BRDA:11,1,0,1
BRDA:13,2,0,1
BRDA:15,3,0,1
BRDA:22,4,0,1
BRDA:32,5,0,2
BRDA:32,6,0,10
BRDA:32,6,1,9
BRDA:33,7,0,1
BRDA:37,8,0,1
BRDA:46,9,0,0
BRF:11
BRH:10
end_of_record
TN:
SF:src/index.ts
FN:7,run
FN:17,(anonymous_8)
FNF:2
FNH:2
FNDA:3,run
FNDA:9,(anonymous_8)
DA:1,1
DA:2,1
DA:3,1
DA:4,1
DA:5,1
DA:7,1
DA:8,3
DA:9,3
DA:10,3
DA:12,3
DA:13,3
DA:14,3
DA:16,3
DA:17,9
DA:19,6
DA:23,6
DA:24,6
DA:25,6
DA:26,6
DA:27,6
DA:28,6
DA:29,0
DA:32,6
DA:35,3
DA:38,3
DA:39,3
DA:40,3
DA:45,3
DA:46,3
DA:47,1
DA:48,1
DA:49,1
DA:53,3
DA:54,1
DA:55,1
DA:61,2
DA:62,2
DA:69,0
DA:73,1
LF:39
LH:37
BRDA:17,0,0,0
BRDA:28,1,0,0
BRDA:32,2,0,6
BRDA:32,2,1,0
BRDA:47,3,0,1
BRDA:53,4,0,1
BRDA:53,4,1,2
BRDA:69,5,0,0
BRF:8
BRH:4
end_of_record
